# JRE version: OpenJDK Runtime Environment GraalVM CE 22.3.0 (17.0.5+8) (build 17.0.5+8-jvmci-22.3-b08)
# Java VM: OpenJDK 64-Bit Server VM GraalVM CE 22.3.0 (17.0.5+8-jvmci-22.3-b08, mixed mode, sharing, tiered, jvmci, jvmci compiler, compressed oops, compressed class ptrs, parallel gc, linux-amd64)
GC Precious Log:
 CPUs: 8 total, 1 available
 Memory: 1024M
 Large Page Support: Disabled
 NUMA Support: Disabled
 Compressed Oops: Enabled (32-bit)
 Alignments: Space 512K, Generation 512K, Heap 2M
 Heap Min Capacity: 100M
 Heap Initial Capacity: 100M
 Heap Max Capacity: 512M
 Pre-touch: Disabled
 Parallel Workers: 1
Heap:
 PSYoungGen      total 59392K, used 40447K [0x00000000f5580000, 0x00000000fa300000, 0x0000000100000000)
  eden space 40448K, 99% used [0x00000000f5580000,0x00000000f7cffff8,0x00000000f7d00000)
  from space 18944K, 0% used [0x00000000f7d00000,0x00000000f7d00000,0x00000000f8f80000)
  to   space 16896K, 0% used [0x00000000f8f80000,0x00000000f8f80000,0x00000000fa000000)
 ParOldGen       total 349696K, used 349696K [0x00000000e0000000, 0x00000000f5580000, 0x00000000f5580000)
  object space 349696K, 100% used [0x00000000e0000000,0x00000000f5580000,0x00000000f5580000)
 Metaspace       used 61509K, committed 62592K, reserved 1105920K
  class space    used 5967K, committed 6464K, reserved 1048576K
GC Heap History (20 events):
Event: 1623.566 GC heap before
{Heap before GC invocations=1193 (full 1082):
 PSYoungGen      total 59392K, used 40447K [0x00000000f5580000, 0x00000000fa300000, 0x0000000100000000)
  eden space 40448K, 99% used [0x00000000f5580000,0x00000000f7cffff8,0x00000000f7d00000)
  from space 18944K, 0% used [0x00000000f7d00000,0x00000000f7d00000,0x00000000f8f80000)
  to   space 16896K, 0% used [0x00000000f8f80000,0x00000000f8f80000,0x00000000fa000000)
 ParOldGen       total 349696K, used 349651K [0x00000000e0000000, 0x00000000f5580000, 0x00000000f5580000)
  object space 349696K, 99% used [0x00000000e0000000,0x00000000f5574f10,0x00000000f5580000)
 Metaspace       used 61509K, committed 62592K, reserved 1105920K
  class space    used 5967K, committed 6464K, reserved 1048576K
}
Event: 1624.963 GC heap after
{Heap after GC invocations=1193 (full 1082):
 PSYoungGen      total 57344K, used 40447K [0x00000000f5580000, 0x00000000fa300000, 0x0000000100000000)
  eden space 40448K, 99% used [0x00000000f5580000,0x00000000f7cfff88,0x00000000f7d00000)
  from space 16896K, 0% used [0x00000000f8f80000,0x00000000f8f80000,0x00000000fa000000)
  to   space 18944K, 0% used [0x00000000f7d00000,0x00000000f7d00000,0x00000000f8f80000)
 ParOldGen       total 349696K, used 349649K [0x00000000e0000000, 0x00000000f5580000, 0x00000000f5580000)
  object space 349696K, 99% used [0x00000000e0000000,0x00000000f5574790,0x00000000f5580000)
 Metaspace       used 61509K, committed 62592K, reserved 1105920K
  class space    used 5967K, committed 6464K, reserved 1048576K
}
Event: 1624.964 GC heap before
{Heap before GC invocations=1194 (full 1083):
 PSYoungGen      total 57344K, used 40448K [0x00000000f5580000, 0x00000000fa300000, 0x0000000100000000)
  eden space 40448K, 100% used [0x00000000f5580000,0x00000000f7d00000,0x00000000f7d00000)
  from space 16896K, 0% used [0x00000000f8f80000,0x00000000f8f80000,0x00000000fa000000)
  to   space 18944K, 0% used [0x00000000f7d00000,0x00000000f7d00000,0x00000000f8f80000)
 ParOldGen       total 349696K, used 349649K [0x00000000e0000000, 0x00000000f5580000, 0x00000000f5580000)
  object space 349696K, 99% used [0x00000000e0000000,0x00000000f5574790,0x00000000f5580000)
 Metaspace       used 61509K, committed 62592K, reserved 1105920K
  class space    used 5967K, committed 6464K, reserved 1048576K
}
Event: 1626.180 GC heap after
{Heap after GC invocations=1194 (full 1083):
 PSYoungGen      total 59392K, used 40448K [0x00000000f5580000, 0x00000000fa300000, 0x0000000100000000)
  eden space 40448K, 100% used [0x00000000f5580000,0x00000000f7d00000,0x00000000f7d00000)
  from space 18944K, 0% used [0x00000000f7d00000,0x00000000f7d00000,0x00000000f8f80000)
  to   space 16896K, 0% used [0x00000000f8f80000,0x00000000f8f80000,0x00000000fa000000)
 ParOldGen       total 349696K, used 349649K [0x00000000e0000000, 0x00000000f5580000, 0x00000000f5580000)
  object space 349696K, 99% used [0x00000000e0000000,0x00000000f5574790,0x00000000f5580000)
 Metaspace       used 61509K, committed 62592K, reserved 1105920K
  class space    used 5967K, committed 6464K, reserved 1048576K
}
Event: 1626.181 GC heap before
{Heap before GC invocations=1195 (full 1084):
 PSYoungGen      total 59392K, used 40448K [0x00000000f5580000, 0x00000000fa300000, 0x0000000100000000)
  eden space 40448K, 100% used [0x00000000f5580000,0x00000000f7d00000,0x00000000f7d00000)
  from space 18944K, 0% used [0x00000000f7d00000,0x00000000f7d00000,0x00000000f8f80000)
  to   space 16896K, 0% used [0x00000000f8f80000,0x00000000f8f80000,0x00000000fa000000)
 ParOldGen       total 349696K, used 349683K [0x00000000e0000000, 0x00000000f5580000, 0x00000000f5580000)
  object space 349696K, 99% used [0x00000000e0000000,0x00000000f557cf98,0x00000000f5580000)
 Metaspace       used 61509K, committed 62592K, reserved 1105920K
  class space    used 5967K, committed 6464K, reserved 1048576K
}
Event: 1627.587 GC heap after
{Heap after GC invocations=1195 (full 1084):
 PSYoungGen      total 57344K, used 40447K [0x00000000f5580000, 0x00000000fa300000, 0x0000000100000000)
  eden space 40448K, 99% used [0x00000000f5580000,0x00000000f7cffe98,0x00000000f7d00000)
  from space 16896K, 0% used [0x00000000f8f80000,0x00000000f8f80000,0x00000000fa000000)
  to   space 18944K, 0% used [0x00000000f7d00000,0x00000000f7d00000,0x00000000f8f80000)
 ParOldGen       total 349696K, used 349683K [0x00000000e0000000, 0x00000000f5580000, 0x00000000f5580000)
  object space 349696K, 99% used [0x00000000e0000000,0x00000000f557cf18,0x00000000f5580000)
 Metaspace       used 61509K, committed 62592K, reserved 1105920K
  class space    used 5967K, committed 6464K, reserved 1048576K
}
Event: 1627.587 GC heap before
{Heap before GC invocations=1196 (full 1085):
 PSYoungGen      total 57344K, used 40447K [0x00000000f5580000, 0x00000000fa300000, 0x0000000100000000)
  eden space 40448K, 99% used [0x00000000f5580000,0x00000000f7cffff0,0x00000000f7d00000)
  from space 16896K, 0% used [0x00000000f8f80000,0x00000000f8f80000,0x00000000fa000000)
  to   space 18944K, 0% used [0x00000000f7d00000,0x00000000f7d00000,0x00000000f8f80000)
 ParOldGen       total 349696K, used 349683K [0x00000000e0000000, 0x00000000f5580000, 0x00000000f5580000)
  object space 349696K, 99% used [0x00000000e0000000,0x00000000f557cf18,0x00000000f5580000)
 Metaspace       used 61509K, committed 62592K, reserved 1105920K
  class space    used 5967K, committed 6464K, reserved 1048576K
}
Event: 1628.886 GC heap after
{Heap after GC invocations=1196 (full 1085):
 PSYoungGen      total 59392K, used 40447K [0x00000000f5580000, 0x00000000fa300000, 0x0000000100000000)
  eden space 40448K, 99% used [0x00000000f5580000,0x00000000f7cfffc0,0x00000000f7d00000)
  from space 18944K, 0% used [0x00000000f7d00000,0x00000000f7d00000,0x00000000f8f80000)
  to   space 16896K, 0% used [0x00000000f8f80000,0x00000000f8f80000,0x00000000fa000000)
 ParOldGen       total 349696K, used 349683K [0x00000000e0000000, 0x00000000f5580000, 0x00000000f5580000)
  object space 349696K, 99% used [0x00000000e0000000,0x00000000f557cf18,0x00000000f5580000)
 Metaspace       used 61509K, committed 62592K, reserved 1105920K
  class space    used 5967K, committed 6464K, reserved 1048576K
}
Event: 1628.887 GC heap before
{Heap before GC invocations=1197 (full 1086):
 PSYoungGen      total 59392K, used 40447K [0x00000000f5580000, 0x00000000fa300000, 0x0000000100000000)
  eden space 40448K, 99% used [0x00000000f5580000,0x00000000f7cffff0,0x00000000f7d00000)
  from space 18944K, 0% used [0x00000000f7d00000,0x00000000f7d00000,0x00000000f8f80000)
  to   space 16896K, 0% used [0x00000000f8f80000,0x00000000f8f80000,0x00000000fa000000)
 ParOldGen       total 349696K, used 349683K [0x00000000e0000000, 0x00000000f5580000, 0x00000000f5580000)
  object space 349696K, 99% used [0x00000000e0000000,0x00000000f557cf18,0x00000000f5580000)
 Metaspace       used 61509K, committed 62592K, reserved 1105920K
  class space    used 5967K, committed 6464K, reserved 1048576K
}
Event: 1630.155 GC heap after
{Heap after GC invocations=1197 (full 1086):
 PSYoungGen      total 57344K, used 40447K [0x00000000f5580000, 0x00000000fa300000, 0x0000000100000000)
  eden space 40448K, 99% used [0x00000000f5580000,0x00000000f7cffff0,0x00000000f7d00000)
  from space 16896K, 0% used [0x00000000f8f80000,0x00000000f8f80000,0x00000000fa000000)
  to   space 18944K, 0% used [0x00000000f7d00000,0x00000000f7d00000,0x00000000f8f80000)
 ParOldGen       total 349696K, used 349683K [0x00000000e0000000, 0x00000000f5580000, 0x00000000f5580000)
  object space 349696K, 99% used [0x00000000e0000000,0x00000000f557cf18,0x00000000f5580000)
 Metaspace       used 61509K, committed 62592K, reserved 1105920K
  class space    used 5967K, committed 6464K, reserved 1048576K
}
Event: 1630.156 GC heap before
{Heap before GC invocations=1198 (full 1087):
 PSYoungGen      total 57344K, used 40448K [0x00000000f5580000, 0x00000000fa300000, 0x0000000100000000)
  eden space 40448K, 100% used [0x00000000f5580000,0x00000000f7d00000,0x00000000f7d00000)
  from space 16896K, 0% used [0x00000000f8f80000,0x00000000f8f80000,0x00000000fa000000)
  to   space 18944K, 0% used [0x00000000f7d00000,0x00000000f7d00000,0x00000000f8f80000)
 ParOldGen       total 349696K, used 349695K [0x00000000e0000000, 0x00000000f5580000, 0x00000000f5580000)
  object space 349696K, 99% used [0x00000000e0000000,0x00000000f557ff38,0x00000000f5580000)
 Metaspace       used 61509K, committed 62592K, reserved 1105920K
  class space    used 5967K, committed 6464K, reserved 1048576K
}
Event: 1631.310 GC heap after
{Heap after GC invocations=1198 (full 1087):
 PSYoungGen      total 59392K, used 40447K [0x00000000f5580000, 0x00000000fa300000, 0x0000000100000000)
  eden space 40448K, 99% used [0x00000000f5580000,0x00000000f7cffff0,0x00000000f7d00000)
  from space 18944K, 0% used [0x00000000f7d00000,0x00000000f7d00000,0x00000000f8f80000)
  to   space 16896K, 0% used [0x00000000f8f80000,0x00000000f8f80000,0x00000000fa000000)
 ParOldGen       total 349696K, used 349694K [0x00000000e0000000, 0x00000000f5580000, 0x00000000f5580000)
  object space 349696K, 99% used [0x00000000e0000000,0x00000000f557fba8,0x00000000f5580000)
 Metaspace       used 61509K, committed 62592K, reserved 1105920K
  class space    used 5967K, committed 6464K, reserved 1048576K
}
Event: 1631.310 GC heap before
{Heap before GC invocations=1199 (full 1088):
 PSYoungGen      total 59392K, used 40448K [0x00000000f5580000, 0x00000000fa300000, 0x0000000100000000)
  eden space 40448K, 100% used [0x00000000f5580000,0x00000000f7d00000,0x00000000f7d00000)
  from space 18944K, 0% used [0x00000000f7d00000,0x00000000f7d00000,0x00000000f8f80000)
  to   space 16896K, 0% used [0x00000000f8f80000,0x00000000f8f80000,0x00000000fa000000)
 ParOldGen       total 349696K, used 349695K [0x00000000e0000000, 0x00000000f5580000, 0x00000000f5580000)
  object space 349696K, 99% used [0x00000000e0000000,0x00000000f557fdd8,0x00000000f5580000)
 Metaspace       used 61509K, committed 62592K, reserved 1105920K
  class space    used 5967K, committed 6464K, reserved 1048576K
}
Event: 1632.604 GC heap after
{Heap after GC invocations=1199 (full 1088):
 PSYoungGen      total 57344K, used 40447K [0x00000000f5580000, 0x00000000fa300000, 0x0000000100000000)
  eden space 40448K, 99% used [0x00000000f5580000,0x00000000f7cfffd0,0x00000000f7d00000)
  from space 16896K, 0% used [0x00000000f8f80000,0x00000000f8f80000,0x00000000fa000000)
  to   space 18944K, 0% used [0x00000000f7d00000,0x00000000f7d00000,0x00000000f8f80000)
 ParOldGen       total 349696K, used 349695K [0x00000000e0000000, 0x00000000f5580000, 0x00000000f5580000)
  object space 349696K, 99% used [0x00000000e0000000,0x00000000f557fce0,0x00000000f5580000)
 Metaspace       used 61509K, committed 62592K, reserved 1105920K
  class space    used 5967K, committed 6464K, reserved 1048576K
}
Event: 1632.604 GC heap before
{Heap before GC invocations=1200 (full 1089):
 PSYoungGen      total 57344K, used 40447K [0x00000000f5580000, 0x00000000fa300000, 0x0000000100000000)
  eden space 40448K, 99% used [0x00000000f5580000,0x00000000f7cfffd0,0x00000000f7d00000)
  from space 16896K, 0% used [0x00000000f8f80000,0x00000000f8f80000,0x00000000fa000000)
  to   space 18944K, 0% used [0x00000000f7d00000,0x00000000f7d00000,0x00000000f8f80000)
 ParOldGen       total 349696K, used 349695K [0x00000000e0000000, 0x00000000f5580000, 0x00000000f5580000)
  object space 349696K, 99% used [0x00000000e0000000,0x00000000f557fce0,0x00000000f5580000)
 Metaspace       used 61509K, committed 62592K, reserved 1105920K
  class space    used 5967K, committed 6464K, reserved 1048576K
}
Event: 1634.064 GC heap after
{Heap after GC invocations=1200 (full 1089):
 PSYoungGen      total 59392K, used 40447K [0x00000000f5580000, 0x00000000fa300000, 0x0000000100000000)
  eden space 40448K, 99% used [0x00000000f5580000,0x00000000f7cfff10,0x00000000f7d00000)
  from space 18944K, 0% used [0x00000000f7d00000,0x00000000f7d00000,0x00000000f8f80000)
  to   space 16896K, 0% used [0x00000000f8f80000,0x00000000f8f80000,0x00000000fa000000)
 ParOldGen       total 349696K, used 349695K [0x00000000e0000000, 0x00000000f5580000, 0x00000000f5580000)
  object space 349696K, 99% used [0x00000000e0000000,0x00000000f557fcc0,0x00000000f5580000)
 Metaspace       used 61509K, committed 62592K, reserved 1105920K
  class space    used 5967K, committed 6464K, reserved 1048576K
}
Event: 1634.066 GC heap before
{Heap before GC invocations=1201 (full 1090):
 PSYoungGen      total 59392K, used 40447K [0x00000000f5580000, 0x00000000fa300000, 0x0000000100000000)
  eden space 40448K, 99% used [0x00000000f5580000,0x00000000f7cfff10,0x00000000f7d00000)
  from space 18944K, 0% used [0x00000000f7d00000,0x00000000f7d00000,0x00000000f8f80000)
  to   space 16896K, 0% used [0x00000000f8f80000,0x00000000f8f80000,0x00000000fa000000)
 ParOldGen       total 349696K, used 349695K [0x00000000e0000000, 0x00000000f5580000, 0x00000000f5580000)
  object space 349696K, 99% used [0x00000000e0000000,0x00000000f557fcc0,0x00000000f5580000)
 Metaspace       used 61509K, committed 62592K, reserved 1105920K
  class space    used 5967K, committed 6464K, reserved 1048576K
}
Event: 1635.410 GC heap after
{Heap after GC invocations=1201 (full 1090):
 PSYoungGen      total 57344K, used 40447K [0x00000000f5580000, 0x00000000fa300000, 0x0000000100000000)
  eden space 40448K, 99% used [0x00000000f5580000,0x00000000f7cfff10,0x00000000f7d00000)
  from space 16896K, 0% used [0x00000000f8f80000,0x00000000f8f80000,0x00000000fa000000)
  to   space 18944K, 0% used [0x00000000f7d00000,0x00000000f7d00000,0x00000000f8f80000)
 ParOldGen       total 349696K, used 349695K [0x00000000e0000000, 0x00000000f5580000, 0x00000000f5580000)
  object space 349696K, 99% used [0x00000000e0000000,0x00000000f557fcc0,0x00000000f5580000)
 Metaspace       used 61509K, committed 62592K, reserved 1105920K
  class space    used 5967K, committed 6464K, reserved 1048576K
}
Event: 1635.410 GC heap before
{Heap before GC invocations=1202 (full 1091):
 PSYoungGen      total 57344K, used 40447K [0x00000000f5580000, 0x00000000fa300000, 0x0000000100000000)
  eden space 40448K, 99% used [0x00000000f5580000,0x00000000f7cfff10,0x00000000f7d00000)
  from space 16896K, 0% used [0x00000000f8f80000,0x00000000f8f80000,0x00000000fa000000)
  to   space 18944K, 0% used [0x00000000f7d00000,0x00000000f7d00000,0x00000000f8f80000)
 ParOldGen       total 349696K, used 349695K [0x00000000e0000000, 0x00000000f5580000, 0x00000000f5580000)
  object space 349696K, 99% used [0x00000000e0000000,0x00000000f557fcc0,0x00000000f5580000)
 Metaspace       used 61509K, committed 62592K, reserved 1105920K
  class space    used 5967K, committed 6464K, reserved 1048576K
}
Event: 1636.600 GC heap after
{Heap after GC invocations=1202 (full 1091):
 PSYoungGen      total 59392K, used 40447K [0x00000000f5580000, 0x00000000fa300000, 0x0000000100000000)
  eden space 40448K, 99% used [0x00000000f5580000,0x00000000f7cfff10,0x00000000f7d00000)
  from space 18944K, 0% used [0x00000000f7d00000,0x00000000f7d00000,0x00000000f8f80000)
  to   space 16896K, 0% used [0x00000000f8f80000,0x00000000f8f80000,0x00000000fa000000)
 ParOldGen       total 349696K, used 349695K [0x00000000e0000000, 0x00000000f5580000, 0x00000000f5580000)
  object space 349696K, 99% used [0x00000000e0000000,0x00000000f557fcc0,0x00000000f5580000)
 Metaspace       used 61509K, committed 62592K, reserved 1105920K
  class space    used 5967K, committed 6464K, reserved 1048576K
}

