# JRE version: OpenJDK Runtime Environment GraalVM CE 22.3.0 (17.0.5+8) (build 17.0.5+8-jvmci-22.3-b08)
# Java VM: OpenJDK 64-Bit Server VM GraalVM CE 22.3.0 (17.0.5+8-jvmci-22.3-b08, mixed mode, sharing, tiered, jvmci, jvmci compiler, compressed oops, compressed class ptrs, parallel gc, linux-amd64)
GC Precious Log:
 CPUs: 8 total, 1 available
 Memory: 1024M
 Large Page Support: Disabled
 NUMA Support: Disabled
 Compressed Oops: Enabled (32-bit)
 Alignments: Space 512K, Generation 512K, Heap 2M
 Heap Min Capacity: 100M
 Heap Initial Capacity: 100M
 Heap Max Capacity: 512M
 Pre-touch: Disabled
 Parallel Workers: 1
Heap:
 PSYoungGen      total 39424K, used 13824K [0x00000000f5580000, 0x00000000f9580000, 0x0000000100000000)
  eden space 13824K, 100% used [0x00000000f5580000,0x00000000f6300000,0x00000000f6300000)
  from space 25600K, 0% used [0x00000000f6300000,0x00000000f6300000,0x00000000f7c00000)
  to   space 12288K, 0% used [0x00000000f7c00000,0x00000000f7c00000,0x00000000f8800000)
 ParOldGen       total 349696K, used 349695K [0x00000000e0000000, 0x00000000f5580000, 0x00000000f5580000)
  object space 349696K, 99% used [0x00000000e0000000,0x00000000f557ffe0,0x00000000f5580000)
 Metaspace       used 62604K, committed 63552K, reserved 1114112K
  class space    used 6040K, committed 6464K, reserved 1048576K
GC Heap History (20 events):
Event: 2172.399 GC heap before
{Heap before GC invocations=1744 (full 1613):
 PSYoungGen      total 39424K, used 13823K [0x00000000f5580000, 0x00000000f9580000, 0x0000000100000000)
  eden space 13824K, 99% used [0x00000000f5580000,0x00000000f62ffff8,0x00000000f6300000)
  from space 25600K, 0% used [0x00000000f6300000,0x00000000f6300000,0x00000000f7c00000)
  to   space 12288K, 0% used [0x00000000f7c00000,0x00000000f7c00000,0x00000000f8800000)
 ParOldGen       total 349696K, used 349693K [0x00000000e0000000, 0x00000000f5580000, 0x00000000f5580000)
  object space 349696K, 99% used [0x00000000e0000000,0x00000000f557f620,0x00000000f5580000)
 Metaspace       used 62604K, committed 63552K, reserved 1114112K
  class space    used 6040K, committed 6464K, reserved 1048576K
}
Event: 2173.638 GC heap after
{Heap after GC invocations=1744 (full 1613):
 PSYoungGen      total 26112K, used 13823K [0x00000000f5580000, 0x00000000f9580000, 0x0000000100000000)
  eden space 13824K, 99% used [0x00000000f5580000,0x00000000f62fffe0,0x00000000f6300000)
  from space 12288K, 0% used [0x00000000f7c00000,0x00000000f7c00000,0x00000000f8800000)
  to   space 25600K, 0% used [0x00000000f6300000,0x00000000f6300000,0x00000000f7c00000)
 ParOldGen       total 349696K, used 349692K [0x00000000e0000000, 0x00000000f5580000, 0x00000000f5580000)
  object space 349696K, 99% used [0x00000000e0000000,0x00000000f557f148,0x00000000f5580000)
 Metaspace       used 62604K, committed 63552K, reserved 1114112K
  class space    used 6040K, committed 6464K, reserved 1048576K
}
Event: 2173.638 GC heap before
{Heap before GC invocations=1745 (full 1614):
 PSYoungGen      total 26112K, used 13824K [0x00000000f5580000, 0x00000000f9580000, 0x0000000100000000)
  eden space 13824K, 100% used [0x00000000f5580000,0x00000000f6300000,0x00000000f6300000)
  from space 12288K, 0% used [0x00000000f7c00000,0x00000000f7c00000,0x00000000f8800000)
  to   space 25600K, 0% used [0x00000000f6300000,0x00000000f6300000,0x00000000f7c00000)
 ParOldGen       total 349696K, used 349692K [0x00000000e0000000, 0x00000000f5580000, 0x00000000f5580000)
  object space 349696K, 99% used [0x00000000e0000000,0x00000000f557f148,0x00000000f5580000)
 Metaspace       used 62604K, committed 63552K, reserved 1114112K
  class space    used 6040K, committed 6464K, reserved 1048576K
}
Event: 2174.844 GC heap after
{Heap after GC invocations=1745 (full 1614):
 PSYoungGen      total 39424K, used 13823K [0x00000000f5580000, 0x00000000f9580000, 0x0000000100000000)
  eden space 13824K, 99% used [0x00000000f5580000,0x00000000f62fffe0,0x00000000f6300000)
  from space 25600K, 0% used [0x00000000f6300000,0x00000000f6300000,0x00000000f7c00000)
  to   space 12288K, 0% used [0x00000000f7c00000,0x00000000f7c00000,0x00000000f8800000)
 ParOldGen       total 349696K, used 349692K [0x00000000e0000000, 0x00000000f5580000, 0x00000000f5580000)
  object space 349696K, 99% used [0x00000000e0000000,0x00000000f557f128,0x00000000f5580000)
 Metaspace       used 62604K, committed 63552K, reserved 1114112K
  class space    used 6040K, committed 6464K, reserved 1048576K
}
Event: 2174.844 GC heap before
{Heap before GC invocations=1746 (full 1615):
 PSYoungGen      total 39424K, used 13824K [0x00000000f5580000, 0x00000000f9580000, 0x0000000100000000)
  eden space 13824K, 100% used [0x00000000f5580000,0x00000000f6300000,0x00000000f6300000)
  from space 25600K, 0% used [0x00000000f6300000,0x00000000f6300000,0x00000000f7c00000)
  to   space 12288K, 0% used [0x00000000f7c00000,0x00000000f7c00000,0x00000000f8800000)
 ParOldGen       total 349696K, used 349692K [0x00000000e0000000, 0x00000000f5580000, 0x00000000f5580000)
  object space 349696K, 99% used [0x00000000e0000000,0x00000000f557f128,0x00000000f5580000)
 Metaspace       used 62604K, committed 63552K, reserved 1114112K
  class space    used 6040K, committed 6464K, reserved 1048576K
}
Event: 2176.237 GC heap after
{Heap after GC invocations=1746 (full 1615):
 PSYoungGen      total 26112K, used 13824K [0x00000000f5580000, 0x00000000f9580000, 0x0000000100000000)
  eden space 13824K, 100% used [0x00000000f5580000,0x00000000f6300000,0x00000000f6300000)
  from space 12288K, 0% used [0x00000000f7c00000,0x00000000f7c00000,0x00000000f8800000)
  to   space 25600K, 0% used [0x00000000f6300000,0x00000000f6300000,0x00000000f7c00000)
 ParOldGen       total 349696K, used 349692K [0x00000000e0000000, 0x00000000f5580000, 0x00000000f5580000)
  object space 349696K, 99% used [0x00000000e0000000,0x00000000f557f128,0x00000000f5580000)
 Metaspace       used 62604K, committed 63552K, reserved 1114112K
  class space    used 6040K, committed 6464K, reserved 1048576K
}
Event: 2176.237 GC heap before
{Heap before GC invocations=1747 (full 1616):
 PSYoungGen      total 26112K, used 13824K [0x00000000f5580000, 0x00000000f9580000, 0x0000000100000000)
  eden space 13824K, 100% used [0x00000000f5580000,0x00000000f6300000,0x00000000f6300000)
  from space 12288K, 0% used [0x00000000f7c00000,0x00000000f7c00000,0x00000000f8800000)
  to   space 25600K, 0% used [0x00000000f6300000,0x00000000f6300000,0x00000000f7c00000)
 ParOldGen       total 349696K, used 349695K [0x00000000e0000000, 0x00000000f5580000, 0x00000000f5580000)
  object space 349696K, 99% used [0x00000000e0000000,0x00000000f557fcc0,0x00000000f5580000)
 Metaspace       used 62604K, committed 63552K, reserved 1114112K
  class space    used 6040K, committed 6464K, reserved 1048576K
}
Event: 2177.729 GC heap after
{Heap after GC invocations=1747 (full 1616):
 PSYoungGen      total 39424K, used 13823K [0x00000000f5580000, 0x00000000f9580000, 0x0000000100000000)
  eden space 13824K, 99% used [0x00000000f5580000,0x00000000f62fffe0,0x00000000f6300000)
  from space 25600K, 0% used [0x00000000f6300000,0x00000000f6300000,0x00000000f7c00000)
  to   space 12288K, 0% used [0x00000000f7c00000,0x00000000f7c00000,0x00000000f8800000)
 ParOldGen       total 349696K, used 349692K [0x00000000e0000000, 0x00000000f5580000, 0x00000000f5580000)
  object space 349696K, 99% used [0x00000000e0000000,0x00000000f557f210,0x00000000f5580000)
 Metaspace       used 62604K, committed 63552K, reserved 1114112K
  class space    used 6040K, committed 6464K, reserved 1048576K
}
Event: 2177.729 GC heap before
{Heap before GC invocations=1748 (full 1617):
 PSYoungGen      total 39424K, used 13824K [0x00000000f5580000, 0x00000000f9580000, 0x0000000100000000)
  eden space 13824K, 100% used [0x00000000f5580000,0x00000000f6300000,0x00000000f6300000)
  from space 25600K, 0% used [0x00000000f6300000,0x00000000f6300000,0x00000000f7c00000)
  to   space 12288K, 0% used [0x00000000f7c00000,0x00000000f7c00000,0x00000000f8800000)
 ParOldGen       total 349696K, used 349695K [0x00000000e0000000, 0x00000000f5580000, 0x00000000f5580000)
  object space 349696K, 99% used [0x00000000e0000000,0x00000000f557fc60,0x00000000f5580000)
 Metaspace       used 62604K, committed 63552K, reserved 1114112K
  class space    used 6040K, committed 6464K, reserved 1048576K
}
Event: 2179.314 GC heap after
{Heap after GC invocations=1748 (full 1617):
 PSYoungGen      total 26112K, used 13823K [0x00000000f5580000, 0x00000000f9580000, 0x0000000100000000)
  eden space 13824K, 99% used [0x00000000f5580000,0x00000000f62fff98,0x00000000f6300000)
  from space 12288K, 0% used [0x00000000f7c00000,0x00000000f7c00000,0x00000000f8800000)
  to   space 25600K, 0% used [0x00000000f6300000,0x00000000f6300000,0x00000000f7c00000)
 ParOldGen       total 349696K, used 349694K [0x00000000e0000000, 0x00000000f5580000, 0x00000000f5580000)
  object space 349696K, 99% used [0x00000000e0000000,0x00000000f557f800,0x00000000f5580000)
 Metaspace       used 62604K, committed 63552K, reserved 1114112K
  class space    used 6040K, committed 6464K, reserved 1048576K
}
Event: 2179.314 GC heap before
{Heap before GC invocations=1749 (full 1618):
 PSYoungGen      total 26112K, used 13823K [0x00000000f5580000, 0x00000000f9580000, 0x0000000100000000)
  eden space 13824K, 99% used [0x00000000f5580000,0x00000000f62fffe8,0x00000000f6300000)
  from space 12288K, 0% used [0x00000000f7c00000,0x00000000f7c00000,0x00000000f8800000)
  to   space 25600K, 0% used [0x00000000f6300000,0x00000000f6300000,0x00000000f7c00000)
 ParOldGen       total 349696K, used 349694K [0x00000000e0000000, 0x00000000f5580000, 0x00000000f5580000)
  object space 349696K, 99% used [0x00000000e0000000,0x00000000f557f800,0x00000000f5580000)
 Metaspace       used 62604K, committed 63552K, reserved 1114112K
  class space    used 6040K, committed 6464K, reserved 1048576K
}
Event: 2180.808 GC heap after
{Heap after GC invocations=1749 (full 1618):
 PSYoungGen      total 39424K, used 13823K [0x00000000f5580000, 0x00000000f9580000, 0x0000000100000000)
  eden space 13824K, 99% used [0x00000000f5580000,0x00000000f62fffe8,0x00000000f6300000)
  from space 25600K, 0% used [0x00000000f6300000,0x00000000f6300000,0x00000000f7c00000)
  to   space 12288K, 0% used [0x00000000f7c00000,0x00000000f7c00000,0x00000000f8800000)
 ParOldGen       total 349696K, used 349693K [0x00000000e0000000, 0x00000000f5580000, 0x00000000f5580000)
  object space 349696K, 99% used [0x00000000e0000000,0x00000000f557f7e0,0x00000000f5580000)
 Metaspace       used 62604K, committed 63552K, reserved 1114112K
  class space    used 6040K, committed 6464K, reserved 1048576K
}
Event: 2180.808 GC heap before
{Heap before GC invocations=1750 (full 1619):
 PSYoungGen      total 39424K, used 13823K [0x00000000f5580000, 0x00000000f9580000, 0x0000000100000000)
  eden space 13824K, 99% used [0x00000000f5580000,0x00000000f62ffff8,0x00000000f6300000)
  from space 25600K, 0% used [0x00000000f6300000,0x00000000f6300000,0x00000000f7c00000)
  to   space 12288K, 0% used [0x00000000f7c00000,0x00000000f7c00000,0x00000000f8800000)
 ParOldGen       total 349696K, used 349695K [0x00000000e0000000, 0x00000000f5580000, 0x00000000f5580000)
  object space 349696K, 99% used [0x00000000e0000000,0x00000000f557fe90,0x00000000f5580000)
 Metaspace       used 62604K, committed 63552K, reserved 1114112K
  class space    used 6040K, committed 6464K, reserved 1048576K
}
Event: 2182.112 GC heap after
{Heap after GC invocations=1750 (full 1619):
 PSYoungGen      total 26112K, used 13823K [0x00000000f5580000, 0x00000000f9580000, 0x0000000100000000)
  eden space 13824K, 99% used [0x00000000f5580000,0x00000000f62fff98,0x00000000f6300000)
  from space 12288K, 0% used [0x00000000f7c00000,0x00000000f7c00000,0x00000000f8800000)
  to   space 25600K, 0% used [0x00000000f6300000,0x00000000f6300000,0x00000000f7c00000)
 ParOldGen       total 349696K, used 349694K [0x00000000e0000000, 0x00000000f5580000, 0x00000000f5580000)
  object space 349696K, 99% used [0x00000000e0000000,0x00000000f557f890,0x00000000f5580000)
 Metaspace       used 62604K, committed 63552K, reserved 1114112K
  class space    used 6040K, committed 6464K, reserved 1048576K
}
Event: 2182.112 GC heap before
{Heap before GC invocations=1751 (full 1620):
 PSYoungGen      total 26112K, used 13824K [0x00000000f5580000, 0x00000000f9580000, 0x0000000100000000)
  eden space 13824K, 100% used [0x00000000f5580000,0x00000000f6300000,0x00000000f6300000)
  from space 12288K, 0% used [0x00000000f7c00000,0x00000000f7c00000,0x00000000f8800000)
  to   space 25600K, 0% used [0x00000000f6300000,0x00000000f6300000,0x00000000f7c00000)
 ParOldGen       total 349696K, used 349694K [0x00000000e0000000, 0x00000000f5580000, 0x00000000f5580000)
  object space 349696K, 99% used [0x00000000e0000000,0x00000000f557f890,0x00000000f5580000)
 Metaspace       used 62604K, committed 63552K, reserved 1114112K
  class space    used 6040K, committed 6464K, reserved 1048576K
}
Event: 2183.607 GC heap after
{Heap after GC invocations=1751 (full 1620):
 PSYoungGen      total 39424K, used 13824K [0x00000000f5580000, 0x00000000f9580000, 0x0000000100000000)
  eden space 13824K, 100% used [0x00000000f5580000,0x00000000f6300000,0x00000000f6300000)
  from space 25600K, 0% used [0x00000000f6300000,0x00000000f6300000,0x00000000f7c00000)
  to   space 12288K, 0% used [0x00000000f7c00000,0x00000000f7c00000,0x00000000f8800000)
 ParOldGen       total 349696K, used 349694K [0x00000000e0000000, 0x00000000f5580000, 0x00000000f5580000)
  object space 349696K, 99% used [0x00000000e0000000,0x00000000f557f850,0x00000000f5580000)
 Metaspace       used 62604K, committed 63552K, reserved 1114112K
  class space    used 6040K, committed 6464K, reserved 1048576K
}
Event: 2183.610 GC heap before
{Heap before GC invocations=1752 (full 1621):
 PSYoungGen      total 39424K, used 13824K [0x00000000f5580000, 0x00000000f9580000, 0x0000000100000000)
  eden space 13824K, 100% used [0x00000000f5580000,0x00000000f6300000,0x00000000f6300000)
  from space 25600K, 0% used [0x00000000f6300000,0x00000000f6300000,0x00000000f7c00000)
  to   space 12288K, 0% used [0x00000000f7c00000,0x00000000f7c00000,0x00000000f8800000)
 ParOldGen       total 349696K, used 349695K [0x00000000e0000000, 0x00000000f5580000, 0x00000000f5580000)
  object space 349696K, 99% used [0x00000000e0000000,0x00000000f557fe38,0x00000000f5580000)
 Metaspace       used 62604K, committed 63552K, reserved 1114112K
  class space    used 6040K, committed 6464K, reserved 1048576K
}
Event: 2185.039 GC heap after
{Heap after GC invocations=1752 (full 1621):
 PSYoungGen      total 26112K, used 13823K [0x00000000f5580000, 0x00000000f9580000, 0x0000000100000000)
  eden space 13824K, 99% used [0x00000000f5580000,0x00000000f62fff98,0x00000000f6300000)
  from space 12288K, 0% used [0x00000000f7c00000,0x00000000f7c00000,0x00000000f8800000)
  to   space 25600K, 0% used [0x00000000f6300000,0x00000000f6300000,0x00000000f7c00000)
 ParOldGen       total 349696K, used 349695K [0x00000000e0000000, 0x00000000f5580000, 0x00000000f5580000)
  object space 349696K, 99% used [0x00000000e0000000,0x00000000f557fd88,0x00000000f5580000)
 Metaspace       used 62604K, committed 63552K, reserved 1114112K
  class space    used 6040K, committed 6464K, reserved 1048576K
}
Event: 2185.039 GC heap before
{Heap before GC invocations=1753 (full 1622):
 PSYoungGen      total 26112K, used 13823K [0x00000000f5580000, 0x00000000f9580000, 0x0000000100000000)
  eden space 13824K, 99% used [0x00000000f5580000,0x00000000f62fff98,0x00000000f6300000)
  from space 12288K, 0% used [0x00000000f7c00000,0x00000000f7c00000,0x00000000f8800000)
  to   space 25600K, 0% used [0x00000000f6300000,0x00000000f6300000,0x00000000f7c00000)
 ParOldGen       total 349696K, used 349695K [0x00000000e0000000, 0x00000000f5580000, 0x00000000f5580000)
  object space 349696K, 99% used [0x00000000e0000000,0x00000000f557fd88,0x00000000f5580000)
 Metaspace       used 62604K, committed 63552K, reserved 1114112K
  class space    used 6040K, committed 6464K, reserved 1048576K
}
Event: 2186.340 GC heap after
{Heap after GC invocations=1753 (full 1622):
 PSYoungGen      total 39424K, used 13823K [0x00000000f5580000, 0x00000000f9580000, 0x0000000100000000)
  eden space 13824K, 99% used [0x00000000f5580000,0x00000000f62fff98,0x00000000f6300000)
  from space 25600K, 0% used [0x00000000f6300000,0x00000000f6300000,0x00000000f7c00000)
  to   space 12288K, 0% used [0x00000000f7c00000,0x00000000f7c00000,0x00000000f8800000)
 ParOldGen       total 349696K, used 349695K [0x00000000e0000000, 0x00000000f5580000, 0x00000000f5580000)
  object space 349696K, 99% used [0x00000000e0000000,0x00000000f557fd88,0x00000000f5580000)
 Metaspace       used 62604K, committed 63552K, reserved 1114112K
  class space    used 6040K, committed 6464K, reserved 1048576K
}

